<?xml version="1.0" encoding="UTF-8" ?>
<testsuite errors="0" failures="0" hostname="Amresh-PC" name="com.test.TestTest" skipped="0" tests="1" time="17.738" timestamp="2017-05-06T14:27:14">
  <properties>
[...]
</properties>
  <testcase classname="com.test.TestTest" name="test" time="17.645" />
  <system-out><![CDATA[irctc - Google Search
]]></system-out>
  <system-err><![CDATA[Starting ChromeDriver 2.28.455520 (cc17746adff54984afff480136733114c6b3704b) on port 40467
Only local connections are allowed.
May 06, 2017 7:57:17 PM org.openqa.selenium.remote.ProtocolHandshake createSession
INFO: Detected dialect: OSS
]]></system-err>
</testsuite>
